<?xml version="1.0" encoding="UTF-8"?>
<!-- Generated by org.testng.reporters.JUnitReportReporter -->
<testsuite hostname="DESKTOP-KQRAAFP" failures="0" tests="2" name="ExtentReports.AdvanceReports" time="27.108" errors="0" timestamp="2022-08-08T23:22:32 IST" skipped="0">
  <testcase classname="ExtentReports.AdvanceReports" name="passTest" time="12.948"/>
  <system-out/>
  <testcase classname="ExtentReports.AdvanceReports" name="failTest" time="14.160"/>
  <system-out/>
</testsuite> <!-- ExtentReports.AdvanceReports -->
