<?xml version="1.0" encoding="UTF-8"?>
<!-- Generated by org.testng.reporters.JUnitReportReporter -->
<testsuite hostname="DESKTOP-KQRAAFP" failures="0" tests="5" name="Dataprovider.Datapro" time="48.208" errors="0" timestamp="2022-08-05T16:43:46 IST" skipped="0">
  <testcase classname="Dataprovider.Datapro" name="login" time="25.495"/>
  <system-out>
    <![CDATA[Login Success::dashboard      http://orangehrm.qedgetech.com/symfony/web/index.php/dashboard]]>
  </system-out>
  <testcase classname="Dataprovider.Datapro" name="login" time="5.620"/>
  <system-out>
    <![CDATA[Login Fail::dashboard      http://orangehrm.qedgetech.com/symfony/web/index.php/auth/validateCredentials]]>
  </system-out>
  <testcase classname="Dataprovider.Datapro" name="login" time="5.493"/>
  <system-out>
    <![CDATA[Login Fail::dashboard      http://orangehrm.qedgetech.com/symfony/web/index.php/auth/validateCredentials]]>
  </system-out>
  <testcase classname="Dataprovider.Datapro" name="login" time="6.626"/>
  <system-out>
    <![CDATA[Login Fail::dashboard      http://orangehrm.qedgetech.com/symfony/web/index.php/auth/validateCredentials]]>
  </system-out>
  <testcase classname="Dataprovider.Datapro" name="login" time="4.974"/>
  <system-out>
    <![CDATA[Login Success::dashboard      http://orangehrm.qedgetech.com/symfony/web/index.php/dashboard]]>
  </system-out>
</testsuite> <!-- Dataprovider.Datapro -->
