<?xml version="1.0" encoding="UTF-8"?>
<!-- Generated by org.testng.reporters.JUnitReportReporter -->
<testsuite hostname="DESKTOP-KQRAAFP" failures="0" tests="2" name="OrangeHrmLogin.LogInOrange" time="13.878" errors="0" timestamp="2022-07-21T15:47:16 IST" skipped="0">
  <testcase classname="OrangeHrmLogin.LogInOrange" name="login" time="4.631"/>
  <system-out/>
  <testcase classname="OrangeHrmLogin.LogInOrange" name="verify" time="9.247"/>
  <system-out/>
</testsuite> <!-- OrangeHrmLogin.LogInOrange -->
