<?xml version="1.0" encoding="UTF-8"?>
<!-- Generated by org.testng.reporters.JUnitReportReporter -->
<testsuite hostname="DESKTOP-KQRAAFP" failures="0" tests="3" name="TestCases.CalculatorOpearation" time="31.299" errors="0" timestamp="2022-08-05T16:33:01 IST" skipped="1">
  <testcase classname="TestCases.CalculatorOpearation" name="addition" time="18.687"/>
  <system-out>
    <![CDATA[1776]]>
  </system-out>
  <testcase classname="TestCases.CalculatorOpearation" name="division" time="12.612"/>
  <system-out>
    <![CDATA[0.7993920972644377]]>
  </system-out>
  <testcase classname="TestCases.CalculatorOpearation" name="multiplication">
    <skipped/>
  </testcase> <!-- multiplication -->
  <system-out/>
</testsuite> <!-- TestCases.CalculatorOpearation -->
