<?xml version="1.0" encoding="UTF-8"?>
<!-- Generated by org.testng.reporters.JUnitReportReporter -->
<testsuite hostname="DESKTOP-KQRAAFP" failures="0" tests="1" name="ExcelFlileExcess.MultipleTestCaseAccessFromExcel" time="60.258" errors="0" timestamp="2022-08-05T19:56:11 IST" skipped="0">
  <testcase classname="ExcelFlileExcess.MultipleTestCaseAccessFromExcel" name="verfyTestCase" time="60.258"/>
  <system-out/>
</testsuite> <!-- ExcelFlileExcess.MultipleTestCaseAccessFromExcel -->
