<?xml version="1.0" encoding="UTF-8"?>
<!-- Generated by org.testng.reporters.JUnitReportReporter -->
<testsuite hostname="DESKTOP-KQRAAFP" failures="0" tests="2" name="ExtentReports.ReportOne" time="45.007" errors="0" timestamp="2022-08-08T23:34:02 IST" skipped="0">
  <testcase classname="ExtentReports.ReportOne" name="verifyTitle" time="7.132"/>
  <system-out/>
  <testcase classname="ExtentReports.ReportOne" name="verifyLogin" time="37.875"/>
  <system-out>
    <![CDATA[Ashok Kumar Sahu]]>
  </system-out>
</testsuite> <!-- ExtentReports.ReportOne -->
