<?xml version="1.0" encoding="UTF-8"?>
<!-- Generated by org.testng.reporters.JUnitReportReporter -->
<testsuite hostname="DESKTOP-KQRAAFP" failures="0" tests="1" name="Verifiction.VerifyOrange" time="5.318" errors="0" timestamp="2022-08-05T16:38:41 IST" skipped="0">
  <testcase classname="Verifiction.VerifyOrange" name="mVerification" time="5.318"/>
  <system-out>
    <![CDATA[Log in successs::http://orangehrm.qedgetech.com/symfony/web/index.php/dashboard  dashboard]]>
  </system-out>
</testsuite> <!-- Verifiction.VerifyOrange -->
