<?xml version="1.0" encoding="UTF-8"?>
<!-- Generated by org.testng.reporters.JUnitReportReporter -->
<testsuite hostname="DESKTOP-KQRAAFP" failures="0" tests="3" name="TestngPractice.TestngDemo" time="54.850" errors="0" timestamp="2022-08-05T16:34:59 IST" skipped="0">
  <testcase classname="TestngPractice.TestngDemo" name="tBanking" time="16.281"/>
  <system-out>
    <![CDATA[successfully clicked on tbaning ]]>
  </system-out>
  <testcase classname="TestngPractice.TestngDemo" name="cBanking" time="21.766"/>
  <system-out>
    <![CDATA[successfully clicked on cbaning ]]>
  </system-out>
  <testcase classname="TestngPractice.TestngDemo" name="pBanking" time="16.803"/>
  <system-out>
    <![CDATA[successfully clicked on pbaning ]]>
  </system-out>
</testsuite> <!-- TestngPractice.TestngDemo -->
